<?xml version="1.0" encoding="UTF-8" ?>
<testsuite errors="0" failures="0" hostname="anu-Latitude-3480" name="Suite1.Suite1Runner" skipped="6" tests="6" time="0.611" timestamp="2021-01-01T10:31:50">
  <properties>
[...]
</properties>
  <testcase classname="Suite1.LoginRediff" name="login_rediff[0]" time="0.112">
    <skipped message="got: &lt;false&gt;, expected: is &lt;true&gt;" />
  </testcase>
  <testcase classname="Suite1.LoginRediff" name="login_rediff[1]" time="0.075">
    <skipped message="got: &lt;false&gt;, expected: is &lt;true&gt;" />
  </testcase>
  <testcase classname="Suite1.SearchShopping" name="search" time="0.086">
    <skipped message="got: &lt;false&gt;, expected: is &lt;true&gt;" />
  </testcase>
  <testcase classname="Suite1.TestsearchLinks" name="linksTest" time="0.061">
    <skipped message="got: &lt;false&gt;, expected: is &lt;true&gt;" />
  </testcase>
  <testcase classname="Suite1.OpenMyPortFolio" name="open[0]" time="0.064">
    <skipped message="got: &lt;false&gt;, expected: is &lt;true&gt;" />
  </testcase>
  <testcase classname="Suite1.LogoutRediff" name="logout" time="0.054">
    <skipped message="got: &lt;false&gt;, expected: is &lt;true&gt;" />
  </testcase>
  <system-out><![CDATA[]]></system-out>
  <system-err><![CDATA[]]></system-err>
</testsuite>
